# JRE version: OpenJDK Runtime Environment Temurin-21.0.12.1+1 (21.0.12.1+1) (build 21.0.12.1+1-LTS)
# Java VM: OpenJDK 64-Bit Server VM Temurin-21.0.12.1+1 (21.0.12.1+1-LTS, mixed mode, sharing, tiered, compressed oops, compressed class ptrs, parallel gc, windows-amd64)
GC Precious Log:
 CardTable entry size: 512
 CPUs: 20 total, 20 available
 Memory: 16068M
 Large Page Support: Disabled
 NUMA Support: Disabled
 Compressed Oops: Enabled (32-bit)
 Alignments: Space 512K, Generation 512K, Heap 2M
 Heap Min Capacity: 100M
 Heap Initial Capacity: 100M
 Heap Max Capacity: 2G
 Pre-touch: Disabled
 Parallel Workers: 15
Heap:
 PSYoungGen      total 16384K, used 5293K [0x00000000d5580000, 0x00000000d6980000, 0x0000000100000000)
  eden space 12288K, 22% used [0x00000000d5580000,0x00000000d582abb0,0x00000000d6180000)
  from space 4096K, 62% used [0x00000000d6580000,0x00000000d6800bd8,0x00000000d6980000)
  to   space 4096K, 0% used [0x00000000d6180000,0x00000000d6180000,0x00000000d6580000)
 ParOldGen       total 120320K, used 120143K [0x0000000080000000, 0x0000000087580000, 0x00000000d5580000)
  object space 120320K, 99% used [0x0000000080000000,0x0000000087553c68,0x0000000087580000)
 Metaspace       used 45316K, committed 46336K, reserved 1114112K
  class space    used 4562K, committed 5056K, reserved 1048576K
GC Heap History (20 events):
Event: 84.987 GC heap after
{Heap after GC invocations=40 (full 2):
 PSYoungGen      total 11776K, used 4093K [0x00000000d5580000, 0x00000000d7400000, 0x0000000100000000)
  eden space 7680K, 0% used [0x00000000d5580000,0x00000000d5580000,0x00000000d5d00000)
  from space 4096K, 99% used [0x00000000d6600000,0x00000000d69ff408,0x00000000d6a00000)
  to   space 9216K, 0% used [0x00000000d5d00000,0x00000000d5d00000,0x00000000d6600000)
 ParOldGen       total 92160K, used 92158K [0x0000000080000000, 0x0000000085a00000, 0x00000000d5580000)
  object space 92160K, 99% used [0x0000000080000000,0x00000000859ffbb8,0x0000000085a00000)
 Metaspace       used 45316K, committed 46336K, reserved 1114112K
  class space    used 4562K, committed 5056K, reserved 1048576K
}
Event: 85.048 GC heap before
{Heap before GC invocations=41 (full 2):
 PSYoungGen      total 11776K, used 11773K [0x00000000d5580000, 0x00000000d7400000, 0x0000000100000000)
  eden space 7680K, 99% used [0x00000000d5580000,0x00000000d5cffff8,0x00000000d5d00000)
  from space 4096K, 99% used [0x00000000d6600000,0x00000000d69ff408,0x00000000d6a00000)
  to   space 9216K, 0% used [0x00000000d5d00000,0x00000000d5d00000,0x00000000d6600000)
 ParOldGen       total 92160K, used 92158K [0x0000000080000000, 0x0000000085a00000, 0x00000000d5580000)
  object space 92160K, 99% used [0x0000000080000000,0x00000000859ffbb8,0x0000000085a00000)
 Metaspace       used 45316K, committed 46336K, reserved 1114112K
  class space    used 4562K, committed 5056K, reserved 1048576K
}
Event: 85.054 GC heap after
{Heap after GC invocations=41 (full 2):
 PSYoungGen      total 10240K, used 2481K [0x00000000d5580000, 0x00000000d6680000, 0x0000000100000000)
  eden space 7680K, 0% used [0x00000000d5580000,0x00000000d5580000,0x00000000d5d00000)
  from space 2560K, 96% used [0x00000000d5d00000,0x00000000d5f6c5f0,0x00000000d5f80000)
  to   space 4608K, 0% used [0x00000000d6200000,0x00000000d6200000,0x00000000d6680000)
 ParOldGen       total 96768K, used 96392K [0x0000000080000000, 0x0000000085e80000, 0x00000000d5580000)
  object space 96768K, 99% used [0x0000000080000000,0x0000000085e22050,0x0000000085e80000)
 Metaspace       used 45316K, committed 46336K, reserved 1114112K
  class space    used 4562K, committed 5056K, reserved 1048576K
}
Event: 85.106 GC heap before
{Heap before GC invocations=42 (full 2):
 PSYoungGen      total 10240K, used 10161K [0x00000000d5580000, 0x00000000d6680000, 0x0000000100000000)
  eden space 7680K, 100% used [0x00000000d5580000,0x00000000d5d00000,0x00000000d5d00000)
  from space 2560K, 96% used [0x00000000d5d00000,0x00000000d5f6c5f0,0x00000000d5f80000)
  to   space 4608K, 0% used [0x00000000d6200000,0x00000000d6200000,0x00000000d6680000)
 ParOldGen       total 96768K, used 96392K [0x0000000080000000, 0x0000000085e80000, 0x00000000d5580000)
  object space 96768K, 99% used [0x0000000080000000,0x0000000085e22050,0x0000000085e80000)
 Metaspace       used 45316K, committed 46336K, reserved 1114112K
  class space    used 4562K, committed 5056K, reserved 1048576K
}
Event: 85.111 GC heap after
{Heap after GC invocations=42 (full 2):
 PSYoungGen      total 10240K, used 2396K [0x00000000d5580000, 0x00000000d6480000, 0x0000000100000000)
  eden space 7680K, 0% used [0x00000000d5580000,0x00000000d5580000,0x00000000d5d00000)
  from space 2560K, 93% used [0x00000000d6200000,0x00000000d64573e0,0x00000000d6480000)
  to   space 3072K, 0% used [0x00000000d5e80000,0x00000000d5e80000,0x00000000d6180000)
 ParOldGen       total 99328K, used 98876K [0x0000000080000000, 0x0000000086100000, 0x00000000d5580000)
  object space 99328K, 99% used [0x0000000080000000,0x000000008608f138,0x0000000086100000)
 Metaspace       used 45316K, committed 46336K, reserved 1114112K
  class space    used 4562K, committed 5056K, reserved 1048576K
}
Event: 85.263 GC heap before
{Heap before GC invocations=43 (full 2):
 PSYoungGen      total 10240K, used 10076K [0x00000000d5580000, 0x00000000d6480000, 0x0000000100000000)
  eden space 7680K, 100% used [0x00000000d5580000,0x00000000d5d00000,0x00000000d5d00000)
  from space 2560K, 93% used [0x00000000d6200000,0x00000000d64573e0,0x00000000d6480000)
  to   space 3072K, 0% used [0x00000000d5e80000,0x00000000d5e80000,0x00000000d6180000)
 ParOldGen       total 99328K, used 98876K [0x0000000080000000, 0x0000000086100000, 0x00000000d5580000)
  object space 99328K, 99% used [0x0000000080000000,0x000000008608f138,0x0000000086100000)
 Metaspace       used 45316K, committed 46336K, reserved 1114112K
  class space    used 4562K, committed 5056K, reserved 1048576K
}
Event: 86.276 GC heap after
{Heap after GC invocations=43 (full 2):
 PSYoungGen      total 12288K, used 2066K [0x00000000d5580000, 0x00000000d6400000, 0x0000000100000000)
  eden space 9216K, 0% used [0x00000000d5580000,0x00000000d5580000,0x00000000d5e80000)
  from space 3072K, 67% used [0x00000000d5e80000,0x00000000d6084a10,0x00000000d6180000)
  to   space 2560K, 0% used [0x00000000d6180000,0x00000000d6180000,0x00000000d6400000)
 ParOldGen       total 101376K, used 101247K [0x0000000080000000, 0x0000000086300000, 0x00000000d5580000)
  object space 101376K, 99% used [0x0000000080000000,0x00000000862dfd28,0x0000000086300000)
 Metaspace       used 45316K, committed 46336K, reserved 1114112K
  class space    used 4562K, committed 5056K, reserved 1048576K
}
Event: 86.295 GC heap before
{Heap before GC invocations=44 (full 2):
 PSYoungGen      total 12288K, used 11282K [0x00000000d5580000, 0x00000000d6400000, 0x0000000100000000)
  eden space 9216K, 100% used [0x00000000d5580000,0x00000000d5e80000,0x00000000d5e80000)
  from space 3072K, 67% used [0x00000000d5e80000,0x00000000d6084a10,0x00000000d6180000)
  to   space 2560K, 0% used [0x00000000d6180000,0x00000000d6180000,0x00000000d6400000)
 ParOldGen       total 101376K, used 101247K [0x0000000080000000, 0x0000000086300000, 0x00000000d5580000)
  object space 101376K, 99% used [0x0000000080000000,0x00000000862dfd28,0x0000000086300000)
 Metaspace       used 45316K, committed 46336K, reserved 1114112K
  class space    used 4562K, committed 5056K, reserved 1048576K
}
Event: 86.297 GC heap after
{Heap after GC invocations=44 (full 2):
 PSYoungGen      total 12288K, used 2304K [0x00000000d5580000, 0x00000000d6580000, 0x0000000100000000)
  eden space 9728K, 0% used [0x00000000d5580000,0x00000000d5580000,0x00000000d5f00000)
  from space 2560K, 90% used [0x00000000d6180000,0x00000000d63c0000,0x00000000d6400000)
  to   space 2560K, 0% used [0x00000000d5f00000,0x00000000d5f00000,0x00000000d6180000)
 ParOldGen       total 103424K, used 103269K [0x0000000080000000, 0x0000000086500000, 0x00000000d5580000)
  object space 103424K, 99% used [0x0000000080000000,0x00000000864d95c8,0x0000000086500000)
 Metaspace       used 45316K, committed 46336K, reserved 1114112K
  class space    used 4562K, committed 5056K, reserved 1048576K
}
Event: 86.326 GC heap before
{Heap before GC invocations=45 (full 2):
 PSYoungGen      total 12288K, used 12032K [0x00000000d5580000, 0x00000000d6580000, 0x0000000100000000)
  eden space 9728K, 100% used [0x00000000d5580000,0x00000000d5f00000,0x00000000d5f00000)
  from space 2560K, 90% used [0x00000000d6180000,0x00000000d63c0000,0x00000000d6400000)
  to   space 2560K, 0% used [0x00000000d5f00000,0x00000000d5f00000,0x00000000d6180000)
 ParOldGen       total 103424K, used 103269K [0x0000000080000000, 0x0000000086500000, 0x00000000d5580000)
  object space 103424K, 99% used [0x0000000080000000,0x00000000864d95c8,0x0000000086500000)
 Metaspace       used 45316K, committed 46336K, reserved 1114112K
  class space    used 4562K, committed 5056K, reserved 1048576K
}
Event: 87.332 GC heap after
{Heap after GC invocations=45 (full 2):
 PSYoungGen      total 12288K, used 2550K [0x00000000d5580000, 0x00000000d6a00000, 0x0000000100000000)
  eden space 9728K, 0% used [0x00000000d5580000,0x00000000d5580000,0x00000000d5f00000)
  from space 2560K, 99% used [0x00000000d5f00000,0x00000000d617db60,0x00000000d6180000)
  to   space 5632K, 0% used [0x00000000d6480000,0x00000000d6480000,0x00000000d6a00000)
 ParOldGen       total 105984K, used 105772K [0x0000000080000000, 0x0000000086780000, 0x00000000d5580000)
  object space 105984K, 99% used [0x0000000080000000,0x000000008674b080,0x0000000086780000)
 Metaspace       used 45316K, committed 46336K, reserved 1114112K
  class space    used 4562K, committed 5056K, reserved 1048576K
}
Event: 87.355 GC heap before
{Heap before GC invocations=46 (full 2):
 PSYoungGen      total 12288K, used 12278K [0x00000000d5580000, 0x00000000d6a00000, 0x0000000100000000)
  eden space 9728K, 100% used [0x00000000d5580000,0x00000000d5f00000,0x00000000d5f00000)
  from space 2560K, 99% used [0x00000000d5f00000,0x00000000d617db60,0x00000000d6180000)
  to   space 5632K, 0% used [0x00000000d6480000,0x00000000d6480000,0x00000000d6a00000)
 ParOldGen       total 105984K, used 105772K [0x0000000080000000, 0x0000000086780000, 0x00000000d5580000)
  object space 105984K, 99% used [0x0000000080000000,0x000000008674b080,0x0000000086780000)
 Metaspace       used 45316K, committed 46336K, reserved 1114112K
  class space    used 4562K, committed 5056K, reserved 1048576K
}
Event: 87.359 GC heap after
{Heap after GC invocations=46 (full 2):
 PSYoungGen      total 13824K, used 3845K [0x00000000d5580000, 0x00000000d6880000, 0x0000000100000000)
  eden space 9728K, 0% used [0x00000000d5580000,0x00000000d5580000,0x00000000d5f00000)
  from space 4096K, 93% used [0x00000000d6480000,0x00000000d6841630,0x00000000d6880000)
  to   space 4608K, 0% used [0x00000000d5f80000,0x00000000d5f80000,0x00000000d6400000)
 ParOldGen       total 108544K, used 108416K [0x0000000080000000, 0x0000000086a00000, 0x00000000d5580000)
  object space 108544K, 99% used [0x0000000080000000,0x00000000869e0200,0x0000000086a00000)
 Metaspace       used 45316K, committed 46336K, reserved 1114112K
  class space    used 4562K, committed 5056K, reserved 1048576K
}
Event: 87.393 GC heap before
{Heap before GC invocations=47 (full 2):
 PSYoungGen      total 13824K, used 13573K [0x00000000d5580000, 0x00000000d6880000, 0x0000000100000000)
  eden space 9728K, 100% used [0x00000000d5580000,0x00000000d5f00000,0x00000000d5f00000)
  from space 4096K, 93% used [0x00000000d6480000,0x00000000d6841630,0x00000000d6880000)
  to   space 4608K, 0% used [0x00000000d5f80000,0x00000000d5f80000,0x00000000d6400000)
 ParOldGen       total 108544K, used 108416K [0x0000000080000000, 0x0000000086a00000, 0x00000000d5580000)
  object space 108544K, 99% used [0x0000000080000000,0x00000000869e0200,0x0000000086a00000)
 Metaspace       used 45316K, committed 46336K, reserved 1114112K
  class space    used 4562K, committed 5056K, reserved 1048576K
}
Event: 87.399 GC heap after
{Heap after GC invocations=47 (full 2):
 PSYoungGen      total 12800K, used 2711K [0x00000000d5580000, 0x00000000d6600000, 0x0000000100000000)
  eden space 9728K, 0% used [0x00000000d5580000,0x00000000d5580000,0x00000000d5f00000)
  from space 3072K, 88% used [0x00000000d5f80000,0x00000000d6225c58,0x00000000d6280000)
  to   space 3584K, 0% used [0x00000000d6280000,0x00000000d6280000,0x00000000d6600000)
 ParOldGen       total 112128K, used 111964K [0x0000000080000000, 0x0000000086d80000, 0x00000000d5580000)
  object space 112128K, 99% used [0x0000000080000000,0x0000000086d57008,0x0000000086d80000)
 Metaspace       used 45316K, committed 46336K, reserved 1114112K
  class space    used 4562K, committed 5056K, reserved 1048576K
}
Event: 87.438 GC heap before
{Heap before GC invocations=48 (full 2):
 PSYoungGen      total 12800K, used 12439K [0x00000000d5580000, 0x00000000d6600000, 0x0000000100000000)
  eden space 9728K, 100% used [0x00000000d5580000,0x00000000d5f00000,0x00000000d5f00000)
  from space 3072K, 88% used [0x00000000d5f80000,0x00000000d6225c58,0x00000000d6280000)
  to   space 3584K, 0% used [0x00000000d6280000,0x00000000d6280000,0x00000000d6600000)
 ParOldGen       total 112128K, used 111964K [0x0000000080000000, 0x0000000086d80000, 0x00000000d5580000)
  object space 112128K, 99% used [0x0000000080000000,0x0000000086d57008,0x0000000086d80000)
 Metaspace       used 45316K, committed 46336K, reserved 1114112K
  class space    used 4562K, committed 5056K, reserved 1048576K
}
Event: 87.443 GC heap after
{Heap after GC invocations=48 (full 2):
 PSYoungGen      total 12800K, used 2877K [0x00000000d5580000, 0x00000000d6580000, 0x0000000100000000)
  eden space 9728K, 0% used [0x00000000d5580000,0x00000000d5580000,0x00000000d5f00000)
  from space 3072K, 93% used [0x00000000d6280000,0x00000000d654f510,0x00000000d6580000)
  to   space 3072K, 0% used [0x00000000d5f80000,0x00000000d5f80000,0x00000000d6280000)
 ParOldGen       total 114688K, used 114522K [0x0000000080000000, 0x0000000087000000, 0x00000000d5580000)
  object space 114688K, 99% used [0x0000000080000000,0x0000000086fd68c8,0x0000000087000000)
 Metaspace       used 45316K, committed 46336K, reserved 1114112K
  class space    used 4562K, committed 5056K, reserved 1048576K
}
Event: 87.548 GC heap before
{Heap before GC invocations=49 (full 2):
 PSYoungGen      total 12800K, used 12605K [0x00000000d5580000, 0x00000000d6580000, 0x0000000100000000)
  eden space 9728K, 100% used [0x00000000d5580000,0x00000000d5f00000,0x00000000d5f00000)
  from space 3072K, 93% used [0x00000000d6280000,0x00000000d654f510,0x00000000d6580000)
  to   space 3072K, 0% used [0x00000000d5f80000,0x00000000d5f80000,0x00000000d6280000)
 ParOldGen       total 114688K, used 114522K [0x0000000080000000, 0x0000000087000000, 0x00000000d5580000)
  object space 114688K, 99% used [0x0000000080000000,0x0000000086fd68c8,0x0000000087000000)
 Metaspace       used 45316K, committed 46336K, reserved 1114112K
  class space    used 4562K, committed 5056K, reserved 1048576K
}
Event: 87.553 GC heap after
{Heap after GC invocations=49 (full 2):
 PSYoungGen      total 12800K, used 3055K [0x00000000d5580000, 0x00000000d6c00000, 0x0000000100000000)
  eden space 9728K, 0% used [0x00000000d5580000,0x00000000d5580000,0x00000000d5f00000)
  from space 3072K, 99% used [0x00000000d5f80000,0x00000000d627bcb8,0x00000000d6280000)
  to   space 6656K, 0% used [0x00000000d6580000,0x00000000d6580000,0x00000000d6c00000)
 ParOldGen       total 117760K, used 117297K [0x0000000080000000, 0x0000000087300000, 0x00000000d5580000)
  object space 117760K, 99% used [0x0000000080000000,0x000000008728c5a8,0x0000000087300000)
 Metaspace       used 45316K, committed 46336K, reserved 1114112K
  class space    used 4562K, committed 5056K, reserved 1048576K
}
Event: 87.636 GC heap before
{Heap before GC invocations=50 (full 2):
 PSYoungGen      total 12800K, used 12783K [0x00000000d5580000, 0x00000000d6c00000, 0x0000000100000000)
  eden space 9728K, 100% used [0x00000000d5580000,0x00000000d5f00000,0x00000000d5f00000)
  from space 3072K, 99% used [0x00000000d5f80000,0x00000000d627bcb8,0x00000000d6280000)
  to   space 6656K, 0% used [0x00000000d6580000,0x00000000d6580000,0x00000000d6c00000)
 ParOldGen       total 117760K, used 117297K [0x0000000080000000, 0x0000000087300000, 0x00000000d5580000)
  object space 117760K, 99% used [0x0000000080000000,0x000000008728c5a8,0x0000000087300000)
 Metaspace       used 45316K, committed 46336K, reserved 1114112K
  class space    used 4562K, committed 5056K, reserved 1048576K
}

