# JRE version: OpenJDK Runtime Environment Temurin-21.0.12.1+1 (21.0.12.1+1) (build 21.0.12.1+1-LTS)
# Java VM: OpenJDK 64-Bit Server VM Temurin-21.0.12.1+1 (21.0.12.1+1-LTS, mixed mode, sharing, tiered, compressed oops, compressed class ptrs, parallel gc, windows-amd64)
GC Precious Log:
 CardTable entry size: 512
 CPUs: 20 total, 20 available
 Memory: 16068M
 Large Page Support: Disabled
 NUMA Support: Disabled
 Compressed Oops: Enabled (32-bit)
 Alignments: Space 512K, Generation 512K, Heap 2M
 Heap Min Capacity: 100M
 Heap Initial Capacity: 100M
 Heap Max Capacity: 2G
 Pre-touch: Disabled
 Parallel Workers: 15
Heap:
 PSYoungGen      total 7680K, used 1724K [0x00000000d5580000, 0x00000000d5f80000, 0x0000000100000000)
  eden space 6656K, 13% used [0x00000000d5580000,0x00000000d5662f30,0x00000000d5c00000)
  from space 1024K, 79% used [0x00000000d5e80000,0x00000000d5f4c200,0x00000000d5f80000)
  to   space 1024K, 0% used [0x00000000d5d80000,0x00000000d5d80000,0x00000000d5e80000)
 ParOldGen       total 103424K, used 103159K [0x0000000080000000, 0x0000000086500000, 0x00000000d5580000)
  object space 103424K, 99% used [0x0000000080000000,0x00000000864bded8,0x0000000086500000)
 Metaspace       used 77616K, committed 79232K, reserved 1179648K
  class space    used 8718K, committed 9408K, reserved 1048576K
GC Heap History (20 events):
Event: 72.576 GC heap before
{Heap before GC invocations=143 (full 3):
 PSYoungGen      total 7168K, used 7068K [0x00000000d5580000, 0x00000000d6200000, 0x0000000100000000)
  eden space 6656K, 99% used [0x00000000d5580000,0x00000000d5bf7388,0x00000000d5c00000)
  from space 512K, 87% used [0x00000000d5c00000,0x00000000d5c70000,0x00000000d5c80000)
  to   space 2048K, 0% used [0x00000000d6000000,0x00000000d6000000,0x00000000d6200000)
 ParOldGen       total 98816K, used 98694K [0x0000000080000000, 0x0000000086080000, 0x00000000d5580000)
  object space 98816K, 99% used [0x0000000080000000,0x0000000086061938,0x0000000086080000)
 Metaspace       used 76382K, committed 78016K, reserved 1179648K
  class space    used 8604K, committed 9344K, reserved 1048576K
}
Event: 72.607 GC heap after
{Heap after GC invocations=143 (full 3):
 PSYoungGen      total 7168K, used 480K [0x00000000d5580000, 0x00000000d6080000, 0x0000000100000000)
  eden space 6656K, 0% used [0x00000000d5580000,0x00000000d5580000,0x00000000d5c00000)
  from space 512K, 93% used [0x00000000d6000000,0x00000000d6078000,0x00000000d6080000)
  to   space 1024K, 0% used [0x00000000d5e80000,0x00000000d5e80000,0x00000000d5f80000)
 ParOldGen       total 99328K, used 99042K [0x0000000080000000, 0x0000000086100000, 0x00000000d5580000)
  object space 99328K, 99% used [0x0000000080000000,0x00000000860b8b58,0x0000000086100000)
 Metaspace       used 76382K, committed 78016K, reserved 1179648K
  class space    used 8604K, committed 9344K, reserved 1048576K
}
Event: 72.953 GC heap before
{Heap before GC invocations=144 (full 3):
 PSYoungGen      total 7168K, used 7136K [0x00000000d5580000, 0x00000000d6080000, 0x0000000100000000)
  eden space 6656K, 100% used [0x00000000d5580000,0x00000000d5c00000,0x00000000d5c00000)
  from space 512K, 93% used [0x00000000d6000000,0x00000000d6078000,0x00000000d6080000)
  to   space 1024K, 0% used [0x00000000d5e80000,0x00000000d5e80000,0x00000000d5f80000)
 ParOldGen       total 99328K, used 99042K [0x0000000080000000, 0x0000000086100000, 0x00000000d5580000)
  object space 99328K, 99% used [0x0000000080000000,0x00000000860b8b58,0x0000000086100000)
 Metaspace       used 76425K, committed 78080K, reserved 1179648K
  class space    used 8605K, committed 9344K, reserved 1048576K
}
Event: 72.955 GC heap after
{Heap after GC invocations=144 (full 3):
 PSYoungGen      total 7680K, used 868K [0x00000000d5580000, 0x00000000d6080000, 0x0000000100000000)
  eden space 6656K, 0% used [0x00000000d5580000,0x00000000d5580000,0x00000000d5c00000)
  from space 1024K, 84% used [0x00000000d5e80000,0x00000000d5f59210,0x00000000d5f80000)
  to   space 1024K, 0% used [0x00000000d5f80000,0x00000000d5f80000,0x00000000d6080000)
 ParOldGen       total 99328K, used 99258K [0x0000000080000000, 0x0000000086100000, 0x00000000d5580000)
  object space 99328K, 99% used [0x0000000080000000,0x00000000860eeb58,0x0000000086100000)
 Metaspace       used 76425K, committed 78080K, reserved 1179648K
  class space    used 8605K, committed 9344K, reserved 1048576K
}
Event: 73.177 GC heap before
{Heap before GC invocations=145 (full 3):
 PSYoungGen      total 7680K, used 7524K [0x00000000d5580000, 0x00000000d6080000, 0x0000000100000000)
  eden space 6656K, 100% used [0x00000000d5580000,0x00000000d5c00000,0x00000000d5c00000)
  from space 1024K, 84% used [0x00000000d5e80000,0x00000000d5f59210,0x00000000d5f80000)
  to   space 1024K, 0% used [0x00000000d5f80000,0x00000000d5f80000,0x00000000d6080000)
 ParOldGen       total 99328K, used 99258K [0x0000000080000000, 0x0000000086100000, 0x00000000d5580000)
  object space 99328K, 99% used [0x0000000080000000,0x00000000860eeb58,0x0000000086100000)
 Metaspace       used 76519K, committed 78144K, reserved 1179648K
  class space    used 8606K, committed 9344K, reserved 1048576K
}
Event: 73.178 GC heap after
{Heap after GC invocations=145 (full 3):
 PSYoungGen      total 7680K, used 643K [0x00000000d5580000, 0x00000000d6080000, 0x0000000100000000)
  eden space 6656K, 0% used [0x00000000d5580000,0x00000000d5580000,0x00000000d5c00000)
  from space 1024K, 62% used [0x00000000d5f80000,0x00000000d6020fa0,0x00000000d6080000)
  to   space 1024K, 0% used [0x00000000d5e80000,0x00000000d5e80000,0x00000000d5f80000)
 ParOldGen       total 100352K, used 99975K [0x0000000080000000, 0x0000000086200000, 0x00000000d5580000)
  object space 100352K, 99% used [0x0000000080000000,0x00000000861a1d68,0x0000000086200000)
 Metaspace       used 76519K, committed 78144K, reserved 1179648K
  class space    used 8606K, committed 9344K, reserved 1048576K
}
Event: 74.125 GC heap before
{Heap before GC invocations=146 (full 3):
 PSYoungGen      total 7680K, used 7286K [0x00000000d5580000, 0x00000000d6080000, 0x0000000100000000)
  eden space 6656K, 99% used [0x00000000d5580000,0x00000000d5bfcc58,0x00000000d5c00000)
  from space 1024K, 62% used [0x00000000d5f80000,0x00000000d6020fa0,0x00000000d6080000)
  to   space 1024K, 0% used [0x00000000d5e80000,0x00000000d5e80000,0x00000000d5f80000)
 ParOldGen       total 100352K, used 99975K [0x0000000080000000, 0x0000000086200000, 0x00000000d5580000)
  object space 100352K, 99% used [0x0000000080000000,0x00000000861a1d68,0x0000000086200000)
 Metaspace       used 76522K, committed 78144K, reserved 1179648K
  class space    used 8606K, committed 9344K, reserved 1048576K
}
Event: 74.130 GC heap after
{Heap after GC invocations=146 (full 3):
 PSYoungGen      total 7680K, used 672K [0x00000000d5580000, 0x00000000d6000000, 0x0000000100000000)
  eden space 6656K, 0% used [0x00000000d5580000,0x00000000d5580000,0x00000000d5c00000)
  from space 1024K, 65% used [0x00000000d5e80000,0x00000000d5f28000,0x00000000d5f80000)
  to   space 512K, 0% used [0x00000000d5f80000,0x00000000d5f80000,0x00000000d6000000)
 ParOldGen       total 100352K, used 100315K [0x0000000080000000, 0x0000000086200000, 0x00000000d5580000)
  object space 100352K, 99% used [0x0000000080000000,0x00000000861f6c68,0x0000000086200000)
 Metaspace       used 76522K, committed 78144K, reserved 1179648K
  class space    used 8606K, committed 9344K, reserved 1048576K
}
Event: 75.237 GC heap before
{Heap before GC invocations=147 (full 3):
 PSYoungGen      total 7680K, used 7273K [0x00000000d5580000, 0x00000000d6000000, 0x0000000100000000)
  eden space 6656K, 99% used [0x00000000d5580000,0x00000000d5bf27a8,0x00000000d5c00000)
  from space 1024K, 65% used [0x00000000d5e80000,0x00000000d5f28000,0x00000000d5f80000)
  to   space 512K, 0% used [0x00000000d5f80000,0x00000000d5f80000,0x00000000d6000000)
 ParOldGen       total 100352K, used 100315K [0x0000000080000000, 0x0000000086200000, 0x00000000d5580000)
  object space 100352K, 99% used [0x0000000080000000,0x00000000861f6c68,0x0000000086200000)
 Metaspace       used 76526K, committed 78144K, reserved 1179648K
  class space    used 8606K, committed 9344K, reserved 1048576K
}
Event: 75.238 GC heap after
{Heap after GC invocations=147 (full 3):
 PSYoungGen      total 7168K, used 480K [0x00000000d5580000, 0x00000000d6000000, 0x0000000100000000)
  eden space 6656K, 0% used [0x00000000d5580000,0x00000000d5580000,0x00000000d5c00000)
  from space 512K, 93% used [0x00000000d5f80000,0x00000000d5ff8000,0x00000000d6000000)
  to   space 1024K, 0% used [0x00000000d5e00000,0x00000000d5e00000,0x00000000d5f00000)
 ParOldGen       total 100864K, used 100691K [0x0000000080000000, 0x0000000086280000, 0x00000000d5580000)
  object space 100864K, 99% used [0x0000000080000000,0x0000000086254c68,0x0000000086280000)
 Metaspace       used 76526K, committed 78144K, reserved 1179648K
  class space    used 8606K, committed 9344K, reserved 1048576K
}
Event: 76.179 GC heap before
{Heap before GC invocations=148 (full 3):
 PSYoungGen      total 7168K, used 7013K [0x00000000d5580000, 0x00000000d6000000, 0x0000000100000000)
  eden space 6656K, 98% used [0x00000000d5580000,0x00000000d5be1628,0x00000000d5c00000)
  from space 512K, 93% used [0x00000000d5f80000,0x00000000d5ff8000,0x00000000d6000000)
  to   space 1024K, 0% used [0x00000000d5e00000,0x00000000d5e00000,0x00000000d5f00000)
 ParOldGen       total 100864K, used 100691K [0x0000000080000000, 0x0000000086280000, 0x00000000d5580000)
  object space 100864K, 99% used [0x0000000080000000,0x0000000086254c68,0x0000000086280000)
 Metaspace       used 76537K, committed 78144K, reserved 1179648K
  class space    used 8606K, committed 9344K, reserved 1048576K
}
Event: 76.182 GC heap after
{Heap after GC invocations=148 (full 3):
 PSYoungGen      total 7680K, used 544K [0x00000000d5580000, 0x00000000d6000000, 0x0000000100000000)
  eden space 6656K, 0% used [0x00000000d5580000,0x00000000d5580000,0x00000000d5c00000)
  from space 1024K, 53% used [0x00000000d5e00000,0x00000000d5e88000,0x00000000d5f00000)
  to   space 1024K, 0% used [0x00000000d5f00000,0x00000000d5f00000,0x00000000d6000000)
 ParOldGen       total 101376K, used 100931K [0x0000000080000000, 0x0000000086300000, 0x00000000d5580000)
  object space 101376K, 99% used [0x0000000080000000,0x0000000086290c68,0x0000000086300000)
 Metaspace       used 76537K, committed 78144K, reserved 1179648K
  class space    used 8606K, committed 9344K, reserved 1048576K
}
Event: 76.675 GC heap before
{Heap before GC invocations=149 (full 3):
 PSYoungGen      total 7680K, used 7067K [0x00000000d5580000, 0x00000000d6000000, 0x0000000100000000)
  eden space 6656K, 98% used [0x00000000d5580000,0x00000000d5bdefa0,0x00000000d5c00000)
  from space 1024K, 53% used [0x00000000d5e00000,0x00000000d5e88000,0x00000000d5f00000)
  to   space 1024K, 0% used [0x00000000d5f00000,0x00000000d5f00000,0x00000000d6000000)
 ParOldGen       total 101376K, used 100931K [0x0000000080000000, 0x0000000086300000, 0x00000000d5580000)
  object space 101376K, 99% used [0x0000000080000000,0x0000000086290c68,0x0000000086300000)
 Metaspace       used 76552K, committed 78144K, reserved 1179648K
  class space    used 8606K, committed 9344K, reserved 1048576K
}
Event: 76.676 GC heap after
{Heap after GC invocations=149 (full 3):
 PSYoungGen      total 7680K, used 544K [0x00000000d5580000, 0x00000000d6000000, 0x0000000100000000)
  eden space 6656K, 0% used [0x00000000d5580000,0x00000000d5580000,0x00000000d5c00000)
  from space 1024K, 53% used [0x00000000d5f00000,0x00000000d5f88000,0x00000000d6000000)
  to   space 1024K, 0% used [0x00000000d5e00000,0x00000000d5e00000,0x00000000d5f00000)
 ParOldGen       total 101376K, used 101203K [0x0000000080000000, 0x0000000086300000, 0x00000000d5580000)
  object space 101376K, 99% used [0x0000000080000000,0x00000000862d4c68,0x0000000086300000)
 Metaspace       used 76552K, committed 78144K, reserved 1179648K
  class space    used 8606K, committed 9344K, reserved 1048576K
}
Event: 77.404 GC heap before
{Heap before GC invocations=150 (full 3):
 PSYoungGen      total 7680K, used 7118K [0x00000000d5580000, 0x00000000d6000000, 0x0000000100000000)
  eden space 6656K, 98% used [0x00000000d5580000,0x00000000d5bebb50,0x00000000d5c00000)
  from space 1024K, 53% used [0x00000000d5f00000,0x00000000d5f88000,0x00000000d6000000)
  to   space 1024K, 0% used [0x00000000d5e00000,0x00000000d5e00000,0x00000000d5f00000)
 ParOldGen       total 101376K, used 101203K [0x0000000080000000, 0x0000000086300000, 0x00000000d5580000)
  object space 101376K, 99% used [0x0000000080000000,0x00000000862d4c68,0x0000000086300000)
 Metaspace       used 76554K, committed 78144K, reserved 1179648K
  class space    used 8606K, committed 9344K, reserved 1048576K
}
Event: 77.408 GC heap after
{Heap after GC invocations=150 (full 3):
 PSYoungGen      total 7680K, used 480K [0x00000000d5580000, 0x00000000d5f80000, 0x0000000100000000)
  eden space 6656K, 0% used [0x00000000d5580000,0x00000000d5580000,0x00000000d5c00000)
  from space 1024K, 46% used [0x00000000d5e00000,0x00000000d5e78000,0x00000000d5f00000)
  to   space 512K, 0% used [0x00000000d5f00000,0x00000000d5f00000,0x00000000d5f80000)
 ParOldGen       total 101888K, used 101579K [0x0000000080000000, 0x0000000086380000, 0x00000000d5580000)
  object space 101888K, 99% used [0x0000000080000000,0x0000000086332c68,0x0000000086380000)
 Metaspace       used 76554K, committed 78144K, reserved 1179648K
  class space    used 8606K, committed 9344K, reserved 1048576K
}
Event: 78.113 GC heap before
{Heap before GC invocations=151 (full 3):
 PSYoungGen      total 7680K, used 7136K [0x00000000d5580000, 0x00000000d5f80000, 0x0000000100000000)
  eden space 6656K, 100% used [0x00000000d5580000,0x00000000d5c00000,0x00000000d5c00000)
  from space 1024K, 46% used [0x00000000d5e00000,0x00000000d5e78000,0x00000000d5f00000)
  to   space 512K, 0% used [0x00000000d5f00000,0x00000000d5f00000,0x00000000d5f80000)
 ParOldGen       total 101888K, used 101579K [0x0000000080000000, 0x0000000086380000, 0x00000000d5580000)
  object space 101888K, 99% used [0x0000000080000000,0x0000000086332c68,0x0000000086380000)
 Metaspace       used 76948K, committed 78528K, reserved 1179648K
  class space    used 8652K, committed 9344K, reserved 1048576K
}
Event: 78.115 GC heap after
{Heap after GC invocations=151 (full 3):
 PSYoungGen      total 7168K, used 496K [0x00000000d5580000, 0x00000000d5f80000, 0x0000000100000000)
  eden space 6656K, 0% used [0x00000000d5580000,0x00000000d5580000,0x00000000d5c00000)
  from space 512K, 96% used [0x00000000d5f00000,0x00000000d5f7c020,0x00000000d5f80000)
  to   space 1024K, 0% used [0x00000000d5d80000,0x00000000d5d80000,0x00000000d5e80000)
 ParOldGen       total 102400K, used 101979K [0x0000000080000000, 0x0000000086400000, 0x00000000d5580000)
  object space 102400K, 99% used [0x0000000080000000,0x0000000086396cb8,0x0000000086400000)
 Metaspace       used 76948K, committed 78528K, reserved 1179648K
  class space    used 8652K, committed 9344K, reserved 1048576K
}
Event: 78.291 GC heap before
{Heap before GC invocations=152 (full 3):
 PSYoungGen      total 7168K, used 7152K [0x00000000d5580000, 0x00000000d5f80000, 0x0000000100000000)
  eden space 6656K, 100% used [0x00000000d5580000,0x00000000d5c00000,0x00000000d5c00000)
  from space 512K, 96% used [0x00000000d5f00000,0x00000000d5f7c020,0x00000000d5f80000)
  to   space 1024K, 0% used [0x00000000d5d80000,0x00000000d5d80000,0x00000000d5e80000)
 ParOldGen       total 102400K, used 101979K [0x0000000080000000, 0x0000000086400000, 0x00000000d5580000)
  object space 102400K, 99% used [0x0000000080000000,0x0000000086396cb8,0x0000000086400000)
 Metaspace       used 77055K, committed 78656K, reserved 1179648K
  class space    used 8661K, committed 9408K, reserved 1048576K
}
Event: 78.293 GC heap after
{Heap after GC invocations=152 (full 3):
 PSYoungGen      total 7680K, used 996K [0x00000000d5580000, 0x00000000d5f80000, 0x0000000100000000)
  eden space 6656K, 0% used [0x00000000d5580000,0x00000000d5580000,0x00000000d5c00000)
  from space 1024K, 97% used [0x00000000d5d80000,0x00000000d5e79210,0x00000000d5e80000)
  to   space 1024K, 0% used [0x00000000d5e80000,0x00000000d5e80000,0x00000000d5f80000)
 ParOldGen       total 102400K, used 102283K [0x0000000080000000, 0x0000000086400000, 0x00000000d5580000)
  object space 102400K, 99% used [0x0000000080000000,0x00000000863e2cc8,0x0000000086400000)
 Metaspace       used 77055K, committed 78656K, reserved 1179648K
  class space    used 8661K, committed 9408K, reserved 1048576K
}

